ToDoList/app/build/intermediates/manifest_merge_blame_file/debug/manifest-merger-blame-debug-report.txt
1<?xml version="1.0" encoding="utf-8"?>
2<manifest xmlns:android="http://schemas.android.com/apk/res/android"
3    xmlns:dist="http://schemas.android.com/apk/distribution"
4    package="com.example.listas"
5    android:versionCode="1"
6    android:versionName="1.0" >
7
8    <uses-sdk
9        android:minSdkVersion="21"
9-->src/main/AndroidManifest.xml
10        android:targetSdkVersion="28" />
10-->src/main/AndroidManifest.xml
11
12    <dist:module dist:instant="true" />
12-->src/main/AndroidManifest.xml:6:5-40
12-->src/main/AndroidManifest.xml:6:18-37
13
14    <application
14-->src/main/AndroidManifest.xml:8:5-27:19
15        android:allowBackup="true"
15-->src/main/AndroidManifest.xml:9:9-35
16        android:appComponentFactory="androidx.core.app.CoreComponentFactory"
16-->[androidx.core:core:1.0.2] AndroidManifest.xml:22:18-86
17        android:debuggable="true"
18        android:icon="@mipmap/ic_launcher"
18-->src/main/AndroidManifest.xml:10:9-43
19        android:label="@string/app_name"
19-->src/main/AndroidManifest.xml:11:9-41
20        android:roundIcon="@mipmap/ic_launcher_round"
20-->src/main/AndroidManifest.xml:12:9-54
21        android:supportsRtl="true"
21-->src/main/AndroidManifest.xml:13:9-35
22        android:testOnly="true"
23        android:theme="@style/AppTheme" >
23-->src/main/AndroidManifest.xml:14:9-40
24        <activity
24-->src/main/AndroidManifest.xml:15:9-18:68
25            android:name="com.example.listas.views.add.AddActivity"
25-->src/main/AndroidManifest.xml:16:13-68
26            android:label="@string/title_activity_add"
26-->src/main/AndroidManifest.xml:17:13-55
27            android:theme="@style/AppTheme.NoActionBar" />
27-->src/main/AndroidManifest.xml:18:13-56
28        <activity
28-->src/main/AndroidManifest.xml:19:9-26:20
29            android:name="com.example.listas.views.todo.TodoActivity"
29-->src/main/AndroidManifest.xml:19:19-76
30            android:label="@string/title_activity_todo" >
30-->src/main/AndroidManifest.xml:20:13-56
31            <intent-filter>
31-->src/main/AndroidManifest.xml:21:13-25:29
32                <action android:name="android.intent.action.MAIN" />
32-->src/main/AndroidManifest.xml:22:17-69
32-->src/main/AndroidManifest.xml:22:25-66
33
34                <category android:name="android.intent.category.LAUNCHER" />
34-->src/main/AndroidManifest.xml:24:17-77
34-->src/main/AndroidManifest.xml:24:27-74
35            </intent-filter>
36        </activity>
37    </application>
38
39</manifest>